{
	"game" : "SeaFight",
    "gameDate": "Пт окт 23 19:36:00 2015",
    "launchId": 999,
    "maxMoveCount": 40,
	"player1Position": [
		[1, 0, 1, 0, 0, 1, 1, 1, 0, 0],
		[0, 0, 0, 0, 0, 0, 0, 0, 0, 0],
		[0, 1, 0, 1, 0, 0, 0, 1, 0, 0],
		[0, 0, 0, 1, 0, 0, 0, 0, 0, 0],
		[0, 0, 0, 1, 0, 0, 0, 0, 0, 0],
		[0, 0, 0, 0, 0, 0, 0, 0, 0, 0],
		[0, 0, 0, 0, 1, 1, 1, 1, 0, 0],
		[0, 0, 0, 0, 0, 0, 0, 0, 0, 0],
		[0, 1, 1, 0, 1, 1, 0, 1, 0, 0],
		[0, 0, 0, 0, 0, 0, 0, 1, 0, 0]
	],
    "moves": [
        [
            0,
            0
        ],
        [
            0,
            1
        ],
        [
            0,
            2
        ]
    ],
    "players": [
        "xxxnikitaxgodx",
        "xxxvasyaxgodx"
    ],
    "result": [
        true,
        false
    ]
}
